<?xml version="1.0" encoding="UTF-8"?>
<testsuite name="com.mindex.challenge.DataBootstrapTest" tests="1" skipped="0" failures="0" errors="0" timestamp="2023-09-12T16:38:16" hostname="LAPTOP-ABLEI8K" time="0.076">
  <properties/>
  <testcase name="test" classname="com.mindex.challenge.DataBootstrapTest" time="0.076"/>
  <system-out><![CDATA[2023-09-12 12:38:16.671  INFO 10968 --- [    Test worker] .b.t.c.SpringBootTestContextBootstrapper : Neither @ContextConfiguration nor @ContextHierarchy found for test class [com.mindex.challenge.DataBootstrapTest], using SpringBootContextLoader
2023-09-12 12:38:16.672  INFO 10968 --- [    Test worker] o.s.t.c.support.AbstractContextLoader    : Could not detect default resource locations for test class [com.mindex.challenge.DataBootstrapTest]: no resource found for suffixes {-context.xml, Context.groovy}.
2023-09-12 12:38:16.673  INFO 10968 --- [    Test worker] t.c.s.AnnotationConfigContextLoaderUtils : Could not detect default configuration classes for test class [com.mindex.challenge.DataBootstrapTest]: DataBootstrapTest does not declare any static, non-private, non-final, nested classes annotated with @Configuration.
2023-09-12 12:38:16.675  INFO 10968 --- [    Test worker] .b.t.c.SpringBootTestContextBootstrapper : Found @SpringBootConfiguration com.mindex.challenge.ChallengeApplication for test class com.mindex.challenge.DataBootstrapTest
2023-09-12 12:38:16.678  INFO 10968 --- [    Test worker] .b.t.c.SpringBootTestContextBootstrapper : Loaded default TestExecutionListener class names from location [META-INF/spring.factories]: [org.springframework.boot.test.autoconfigure.restdocs.RestDocsTestExecutionListener, org.springframework.boot.test.autoconfigure.web.client.MockRestServiceServerResetTestExecutionListener, org.springframework.boot.test.autoconfigure.web.servlet.MockMvcPrintOnlyOnFailureTestExecutionListener, org.springframework.boot.test.autoconfigure.web.servlet.WebDriverTestExecutionListener, org.springframework.boot.test.mock.mockito.MockitoTestExecutionListener, org.springframework.boot.test.mock.mockito.ResetMocksTestExecutionListener, org.springframework.test.context.web.ServletTestExecutionListener, org.springframework.test.context.support.DirtiesContextBeforeModesTestExecutionListener, org.springframework.test.context.support.DependencyInjectionTestExecutionListener, org.springframework.test.context.support.DirtiesContextTestExecutionListener, org.springframework.test.context.transaction.TransactionalTestExecutionListener, org.springframework.test.context.jdbc.SqlScriptsTestExecutionListener, org.springframework.test.context.event.EventPublishingTestExecutionListener]
2023-09-12 12:38:16.678  INFO 10968 --- [    Test worker] .b.t.c.SpringBootTestContextBootstrapper : Using TestExecutionListeners: [org.springframework.test.context.web.ServletTestExecutionListener@7dac2a65, org.springframework.test.context.support.DirtiesContextBeforeModesTestExecutionListener@3524138f, org.springframework.boot.test.mock.mockito.MockitoTestExecutionListener@5bd5bffe, org.springframework.boot.test.autoconfigure.SpringBootDependencyInjectionTestExecutionListener@66c9503, org.springframework.test.context.support.DirtiesContextTestExecutionListener@1a8f78a9, org.springframework.test.context.transaction.TransactionalTestExecutionListener@fa2b81c, org.springframework.test.context.jdbc.SqlScriptsTestExecutionListener@797edc59, org.springframework.test.context.event.EventPublishingTestExecutionListener@1b588af8, org.springframework.boot.test.autoconfigure.restdocs.RestDocsTestExecutionListener@7af3f30a, org.springframework.boot.test.autoconfigure.web.client.MockRestServiceServerResetTestExecutionListener@608bd610, org.springframework.boot.test.autoconfigure.web.servlet.MockMvcPrintOnlyOnFailureTestExecutionListener@6f18424c, org.springframework.boot.test.autoconfigure.web.servlet.WebDriverTestExecutionListener@30c81a1d, org.springframework.boot.test.mock.mockito.ResetMocksTestExecutionListener@55c6d4ad]
]]></system-out>
  <system-err><![CDATA[]]></system-err>
</testsuite>
